<?xml version="1.0" encoding="UTF-8"?>
<testng-results ignored="0" total="1" passed="1" failed="0" skipped="0">
  <reporter-output>
  </reporter-output>
  <suite started-at="2025-07-20T21:50:11 IST" name="Suite" finished-at="2025-07-20T21:50:34 IST" duration-ms="23048">
    <groups>
    </groups>
    <test started-at="2025-07-20T21:50:11 IST" name="Test" finished-at="2025-07-20T21:50:34 IST" duration-ms="23048">
      <class name="Module1.WindowPopupTest">
        <test-method is-config="true" signature="setup()[pri:0, instance:Module1.WindowPopupTest@6253c26]" started-at="2025-07-20T21:50:11 IST" name="setup" finished-at="2025-07-20T21:50:13 IST" duration-ms="2020" status="PASS">
          <reporter-output>
          </reporter-output>
        </test-method> <!-- setup -->
        <test-method signature="testChildWindowHandling()[pri:0, instance:Module1.WindowPopupTest@6253c26]" started-at="2025-07-20T21:50:13 IST" name="testChildWindowHandling" finished-at="2025-07-20T21:50:33 IST" duration-ms="20747" status="PASS">
          <reporter-output>
          </reporter-output>
        </test-method> <!-- testChildWindowHandling -->
        <test-method is-config="true" signature="teardown()[pri:0, instance:Module1.WindowPopupTest@6253c26]" started-at="2025-07-20T21:50:33 IST" name="teardown" finished-at="2025-07-20T21:50:34 IST" duration-ms="242" status="PASS">
          <reporter-output>
          </reporter-output>
        </test-method> <!-- teardown -->
      </class> <!-- Module1.WindowPopupTest -->
    </test> <!-- Test -->
  </suite> <!-- Suite -->
</testng-results>
